<?xml version="1.0" encoding="utf-8"?>
<TestRun id="943fc798-0864-43b3-9f81-79fe398ce6ea" name="@557b7ea8d82e 2026-01-29 07:58:50" xmlns="http://microsoft.com/schemas/VisualStudio/TeamTest/2010">
  <Times creation="2026-01-29T07:58:50.8726820+00:00" queuing="2026-01-29T07:58:50.8726822+00:00" start="2026-01-29T07:58:44.5034055+00:00" finish="2026-01-29T07:58:50.9244171+00:00" />
  <TestSettings name="default" id="749bbd39-a33b-4ab7-a74c-488d4a5dc7fa">
    <Deployment runDeploymentRoot="_557b7ea8d82e_2026-01-29_07_58_50" />
  </TestSettings>
  <Results>
    <UnitTestResult executionId="f5933e13-6e08-42cc-a2ae-c2ec3c45eab8" testId="5b53597c-e3b1-eeee-93df-161a773c11e0" testName="EasyLog.Tests.UnitTest1.Test1" computerName="557b7ea8d82e" duration="00:00:00.0078161" startTime="2026-01-29T07:58:50.4471779+00:00" endTime="2026-01-29T07:58:50.4472957+00:00" testType="13cdc9d9-ddb5-4fa4-a97d-d965ccfc6d4b" outcome="Passed" testListId="8c84fa94-04c1-424b-9868-57a2d4851a1d" relativeResultsDirectory="f5933e13-6e08-42cc-a2ae-c2ec3c45eab8" />
  </Results>
  <TestDefinitions>
    <UnitTest name="EasyLog.Tests.UnitTest1.Test1" storage="/app/tests/easylog.tests/bin/debug/net8.0/easylog.tests.dll" id="5b53597c-e3b1-eeee-93df-161a773c11e0">
      <Execution id="f5933e13-6e08-42cc-a2ae-c2ec3c45eab8" />
      <TestMethod codeBase="/app/tests/EasyLog.Tests/bin/Debug/net8.0/EasyLog.Tests.dll" adapterTypeName="executor://xunit/VsTestRunner2/netcoreapp" className="EasyLog.Tests.UnitTest1" name="Test1" />
    </UnitTest>
  </TestDefinitions>
  <TestEntries>
    <TestEntry testId="5b53597c-e3b1-eeee-93df-161a773c11e0" executionId="f5933e13-6e08-42cc-a2ae-c2ec3c45eab8" testListId="8c84fa94-04c1-424b-9868-57a2d4851a1d" />
  </TestEntries>
  <TestLists>
    <TestList name="Results Not in a List" id="8c84fa94-04c1-424b-9868-57a2d4851a1d" />
    <TestList name="All Loaded Results" id="19431567-8539-422a-85d7-44ee4e166bda" />
  </TestLists>
  <ResultSummary outcome="Completed">
    <Counters total="1" executed="1" passed="1" failed="0" error="0" timeout="0" aborted="0" inconclusive="0" passedButRunAborted="0" notRunnable="0" notExecuted="0" disconnected="0" warning="0" completed="0" inProgress="0" pending="0" />
    <Output>
      <StdOut>[xUnit.net 00:00:00.01] xUnit.net VSTest Adapter v2.4.5+1caef2f33e (64-bit .NET 8.0.23)
[xUnit.net 00:00:02.19]   Discovering: EasyLog.Tests
[xUnit.net 00:00:02.29]   Discovered:  EasyLog.Tests
[xUnit.net 00:00:02.30]   Starting:    EasyLog.Tests
[xUnit.net 00:00:02.64]   Finished:    EasyLog.Tests
</StdOut>
    </Output>
  </ResultSummary>
</TestRun>