<?xml version="1.0" encoding="utf-8"?>
<TestRun id="e9b15e04-a710-4560-8f8a-45789ff6d5d3" name="@557b7ea8d82e 2026-01-29 07:58:51" xmlns="http://microsoft.com/schemas/VisualStudio/TeamTest/2010">
  <Times creation="2026-01-29T07:58:51.3218431+00:00" queuing="2026-01-29T07:58:51.3218432+00:00" start="2026-01-29T07:58:44.6089945+00:00" finish="2026-01-29T07:58:51.3505724+00:00" />
  <TestSettings name="default" id="61905a3c-ddd2-40fc-9d6b-f8226cb5af49">
    <Deployment runDeploymentRoot="_557b7ea8d82e_2026-01-29_07_58_51" />
  </TestSettings>
  <Results>
    <UnitTestResult executionId="3d5c29c1-756f-48d1-a774-0b23478461cc" testId="67c5fbf0-f086-9b83-752c-021d84adf3a4" testName="EasySave.Application.Tests.UnitTest1.Test1" computerName="557b7ea8d82e" duration="00:00:00.0085447" startTime="2026-01-29T07:58:50.8868628+00:00" endTime="2026-01-29T07:58:50.8869457+00:00" testType="13cdc9d9-ddb5-4fa4-a97d-d965ccfc6d4b" outcome="Passed" testListId="8c84fa94-04c1-424b-9868-57a2d4851a1d" relativeResultsDirectory="3d5c29c1-756f-48d1-a774-0b23478461cc" />
  </Results>
  <TestDefinitions>
    <UnitTest name="EasySave.Application.Tests.UnitTest1.Test1" storage="/app/tests/easysave.application.tests/bin/debug/net8.0/easysave.application.tests.dll" id="67c5fbf0-f086-9b83-752c-021d84adf3a4">
      <Execution id="3d5c29c1-756f-48d1-a774-0b23478461cc" />
      <TestMethod codeBase="/app/tests/EasySave.Application.Tests/bin/Debug/net8.0/EasySave.Application.Tests.dll" adapterTypeName="executor://xunit/VsTestRunner2/netcoreapp" className="EasySave.Application.Tests.UnitTest1" name="Test1" />
    </UnitTest>
  </TestDefinitions>
  <TestEntries>
    <TestEntry testId="67c5fbf0-f086-9b83-752c-021d84adf3a4" executionId="3d5c29c1-756f-48d1-a774-0b23478461cc" testListId="8c84fa94-04c1-424b-9868-57a2d4851a1d" />
  </TestEntries>
  <TestLists>
    <TestList name="Results Not in a List" id="8c84fa94-04c1-424b-9868-57a2d4851a1d" />
    <TestList name="All Loaded Results" id="19431567-8539-422a-85d7-44ee4e166bda" />
  </TestLists>
  <ResultSummary outcome="Completed">
    <Counters total="1" executed="1" passed="1" failed="0" error="0" timeout="0" aborted="0" inconclusive="0" passedButRunAborted="0" notRunnable="0" notExecuted="0" disconnected="0" warning="0" completed="0" inProgress="0" pending="0" />
    <Output>
      <StdOut>[xUnit.net 00:00:00.03] xUnit.net VSTest Adapter v2.4.5+1caef2f33e (64-bit .NET 8.0.23)
[xUnit.net 00:00:02.50]   Discovering: EasySave.Application.Tests
[xUnit.net 00:00:02.63]   Discovered:  EasySave.Application.Tests
[xUnit.net 00:00:02.64]   Starting:    EasySave.Application.Tests
[xUnit.net 00:00:03.08]   Finished:    EasySave.Application.Tests
</StdOut>
    </Output>
  </ResultSummary>
</TestRun>