<?xml version="1.0" encoding="utf-8"?>
<TestRun id="ac0d686b-1b62-4d93-bc35-6c758c9a67cb" name="@557b7ea8d82e 2026-01-29 07:58:50" xmlns="http://microsoft.com/schemas/VisualStudio/TeamTest/2010">
  <Times creation="2026-01-29T07:58:50.8705028+00:00" queuing="2026-01-29T07:58:50.8705030+00:00" start="2026-01-29T07:58:44.4494274+00:00" finish="2026-01-29T07:58:50.9204808+00:00" />
  <TestSettings name="default" id="4e2d4205-c391-4c84-bcac-4d6e89dba427">
    <Deployment runDeploymentRoot="_557b7ea8d82e_2026-01-29_07_58_50" />
  </TestSettings>
  <Results>
    <UnitTestResult executionId="badadbdf-8d53-4d23-95cd-80dc66873655" testId="62934093-44ef-dfc6-c9c2-86d218f52f5f" testName="EasySave.Backup.Tests.UnitTest1.Test1" computerName="557b7ea8d82e" duration="00:00:00.0124450" startTime="2026-01-29T07:58:50.4822787+00:00" endTime="2026-01-29T07:58:50.4823407+00:00" testType="13cdc9d9-ddb5-4fa4-a97d-d965ccfc6d4b" outcome="Passed" testListId="8c84fa94-04c1-424b-9868-57a2d4851a1d" relativeResultsDirectory="badadbdf-8d53-4d23-95cd-80dc66873655" />
  </Results>
  <TestDefinitions>
    <UnitTest name="EasySave.Backup.Tests.UnitTest1.Test1" storage="/app/tests/easysave.backup.tests/bin/debug/net8.0/easysave.backup.tests.dll" id="62934093-44ef-dfc6-c9c2-86d218f52f5f">
      <Execution id="badadbdf-8d53-4d23-95cd-80dc66873655" />
      <TestMethod codeBase="/app/tests/EasySave.Backup.Tests/bin/Debug/net8.0/EasySave.Backup.Tests.dll" adapterTypeName="executor://xunit/VsTestRunner2/netcoreapp" className="EasySave.Backup.Tests.UnitTest1" name="Test1" />
    </UnitTest>
  </TestDefinitions>
  <TestEntries>
    <TestEntry testId="62934093-44ef-dfc6-c9c2-86d218f52f5f" executionId="badadbdf-8d53-4d23-95cd-80dc66873655" testListId="8c84fa94-04c1-424b-9868-57a2d4851a1d" />
  </TestEntries>
  <TestLists>
    <TestList name="Results Not in a List" id="8c84fa94-04c1-424b-9868-57a2d4851a1d" />
    <TestList name="All Loaded Results" id="19431567-8539-422a-85d7-44ee4e166bda" />
  </TestLists>
  <ResultSummary outcome="Completed">
    <Counters total="1" executed="1" passed="1" failed="0" error="0" timeout="0" aborted="0" inconclusive="0" passedButRunAborted="0" notRunnable="0" notExecuted="0" disconnected="0" warning="0" completed="0" inProgress="0" pending="0" />
    <Output>
      <StdOut>[xUnit.net 00:00:00.00] xUnit.net VSTest Adapter v2.4.5+1caef2f33e (64-bit .NET 8.0.23)
[xUnit.net 00:00:02.29]   Discovering: EasySave.Backup.Tests
[xUnit.net 00:00:02.44]   Discovered:  EasySave.Backup.Tests
[xUnit.net 00:00:02.45]   Starting:    EasySave.Backup.Tests
[xUnit.net 00:00:02.76]   Finished:    EasySave.Backup.Tests
</StdOut>
    </Output>
  </ResultSummary>
</TestRun>