<?xml version="1.0" encoding="utf-8"?>
<TestRun id="c9050be1-bbd9-43d4-8120-092e50b6433a" name="@557b7ea8d82e 2026-01-29 07:58:53" xmlns="http://microsoft.com/schemas/VisualStudio/TeamTest/2010">
  <Times creation="2026-01-29T07:58:53.9808157+00:00" queuing="2026-01-29T07:58:53.9808158+00:00" start="2026-01-29T07:58:48.4278219+00:00" finish="2026-01-29T07:58:54.0043899+00:00" />
  <TestSettings name="default" id="69c436c0-9164-491b-91e1-f553c8f9d55f">
    <Deployment runDeploymentRoot="_557b7ea8d82e_2026-01-29_07_58_53" />
  </TestSettings>
  <Results>
    <UnitTestResult executionId="a52d80d6-1ae2-45bc-87e3-02e1db1bd8cd" testId="65abc23f-fd03-2e07-619f-aa8bdd6bf02e" testName="EasySave.State.Tests.UnitTest1.Test1" computerName="557b7ea8d82e" duration="00:00:00.0101578" startTime="2026-01-29T07:58:53.6056046+00:00" endTime="2026-01-29T07:58:53.6056764+00:00" testType="13cdc9d9-ddb5-4fa4-a97d-d965ccfc6d4b" outcome="Passed" testListId="8c84fa94-04c1-424b-9868-57a2d4851a1d" relativeResultsDirectory="a52d80d6-1ae2-45bc-87e3-02e1db1bd8cd" />
  </Results>
  <TestDefinitions>
    <UnitTest name="EasySave.State.Tests.UnitTest1.Test1" storage="/app/tests/easysave.state.tests/bin/debug/net8.0/easysave.state.tests.dll" id="65abc23f-fd03-2e07-619f-aa8bdd6bf02e">
      <Execution id="a52d80d6-1ae2-45bc-87e3-02e1db1bd8cd" />
      <TestMethod codeBase="/app/tests/EasySave.State.Tests/bin/Debug/net8.0/EasySave.State.Tests.dll" adapterTypeName="executor://xunit/VsTestRunner2/netcoreapp" className="EasySave.State.Tests.UnitTest1" name="Test1" />
    </UnitTest>
  </TestDefinitions>
  <TestEntries>
    <TestEntry testId="65abc23f-fd03-2e07-619f-aa8bdd6bf02e" executionId="a52d80d6-1ae2-45bc-87e3-02e1db1bd8cd" testListId="8c84fa94-04c1-424b-9868-57a2d4851a1d" />
  </TestEntries>
  <TestLists>
    <TestList name="Results Not in a List" id="8c84fa94-04c1-424b-9868-57a2d4851a1d" />
    <TestList name="All Loaded Results" id="19431567-8539-422a-85d7-44ee4e166bda" />
  </TestLists>
  <ResultSummary outcome="Completed">
    <Counters total="1" executed="1" passed="1" failed="0" error="0" timeout="0" aborted="0" inconclusive="0" passedButRunAborted="0" notRunnable="0" notExecuted="0" disconnected="0" warning="0" completed="0" inProgress="0" pending="0" />
    <Output>
      <StdOut>[xUnit.net 00:00:00.00] xUnit.net VSTest Adapter v2.4.5+1caef2f33e (64-bit .NET 8.0.23)
[xUnit.net 00:00:01.86]   Discovering: EasySave.State.Tests
[xUnit.net 00:00:01.96]   Discovered:  EasySave.State.Tests
[xUnit.net 00:00:01.97]   Starting:    EasySave.State.Tests
[xUnit.net 00:00:02.22]   Finished:    EasySave.State.Tests
</StdOut>
    </Output>
  </ResultSummary>
</TestRun>