<?xml version="1.0" encoding="utf-8"?>
<TestRun id="43059040-502c-4bce-b667-1c38d7dfa037" name="@927050ec5b07 2026-01-29 07:43:03" xmlns="http://microsoft.com/schemas/VisualStudio/TeamTest/2010">
  <Times creation="2026-01-29T07:43:03.1277373+00:00" queuing="2026-01-29T07:43:03.1277373+00:00" start="2026-01-29T07:43:01.8446302+00:00" finish="2026-01-29T07:43:03.1340649+00:00" />
  <TestSettings name="default" id="8448a464-ffda-4f9d-8f8a-189e63c4d1ea">
    <Deployment runDeploymentRoot="_927050ec5b07_2026-01-29_07_43_03" />
  </TestSettings>
  <Results>
    <UnitTestResult executionId="4baf7e9c-60ee-4a3b-bfd3-5741dc7b3dc5" testId="65abc23f-fd03-2e07-619f-aa8bdd6bf02e" testName="EasySave.State.Tests.UnitTest1.Test1" computerName="927050ec5b07" duration="00:00:00.0015141" startTime="2026-01-29T07:43:03.0075554+00:00" endTime="2026-01-29T07:43:03.0076120+00:00" testType="13cdc9d9-ddb5-4fa4-a97d-d965ccfc6d4b" outcome="Passed" testListId="8c84fa94-04c1-424b-9868-57a2d4851a1d" relativeResultsDirectory="4baf7e9c-60ee-4a3b-bfd3-5741dc7b3dc5" />
  </Results>
  <TestDefinitions>
    <UnitTest name="EasySave.State.Tests.UnitTest1.Test1" storage="/app/tests/easysave.state.tests/bin/debug/net8.0/easysave.state.tests.dll" id="65abc23f-fd03-2e07-619f-aa8bdd6bf02e">
      <Execution id="4baf7e9c-60ee-4a3b-bfd3-5741dc7b3dc5" />
      <TestMethod codeBase="/app/tests/EasySave.State.Tests/bin/Debug/net8.0/EasySave.State.Tests.dll" adapterTypeName="executor://xunit/VsTestRunner2/netcoreapp" className="EasySave.State.Tests.UnitTest1" name="Test1" />
    </UnitTest>
  </TestDefinitions>
  <TestEntries>
    <TestEntry testId="65abc23f-fd03-2e07-619f-aa8bdd6bf02e" executionId="4baf7e9c-60ee-4a3b-bfd3-5741dc7b3dc5" testListId="8c84fa94-04c1-424b-9868-57a2d4851a1d" />
  </TestEntries>
  <TestLists>
    <TestList name="Results Not in a List" id="8c84fa94-04c1-424b-9868-57a2d4851a1d" />
    <TestList name="All Loaded Results" id="19431567-8539-422a-85d7-44ee4e166bda" />
  </TestLists>
  <ResultSummary outcome="Completed">
    <Counters total="1" executed="1" passed="1" failed="0" error="0" timeout="0" aborted="0" inconclusive="0" passedButRunAborted="0" notRunnable="0" notExecuted="0" disconnected="0" warning="0" completed="0" inProgress="0" pending="0" />
    <Output>
      <StdOut>[xUnit.net 00:00:00.00] xUnit.net VSTest Adapter v2.4.5+1caef2f33e (64-bit .NET 8.0.23)
[xUnit.net 00:00:00.41]   Discovering: EasySave.State.Tests
[xUnit.net 00:00:00.43]   Discovered:  EasySave.State.Tests
[xUnit.net 00:00:00.44]   Starting:    EasySave.State.Tests
[xUnit.net 00:00:00.48]   Finished:    EasySave.State.Tests
</StdOut>
    </Output>
  </ResultSummary>
</TestRun>