<?xml version="1.0" encoding="utf-8"?>
<TestRun id="acb09d2d-700b-4d5e-9e42-39a8ae09dfa4" name="@927050ec5b07 2026-01-29 07:43:02" xmlns="http://microsoft.com/schemas/VisualStudio/TeamTest/2010">
  <Times creation="2026-01-29T07:43:02.1363881+00:00" queuing="2026-01-29T07:43:02.1363881+00:00" start="2026-01-29T07:43:00.1402551+00:00" finish="2026-01-29T07:43:02.1509156+00:00" />
  <TestSettings name="default" id="fc13863a-8c82-4916-9d68-42461e0a272c">
    <Deployment runDeploymentRoot="_927050ec5b07_2026-01-29_07_43_02" />
  </TestSettings>
  <Results>
    <UnitTestResult executionId="8af81a96-4b5d-413c-98c7-c337aada75d9" testId="62934093-44ef-dfc6-c9c2-86d218f52f5f" testName="EasySave.Backup.Tests.UnitTest1.Test1" computerName="927050ec5b07" duration="00:00:00.0022778" startTime="2026-01-29T07:43:01.9506969+00:00" endTime="2026-01-29T07:43:01.9507242+00:00" testType="13cdc9d9-ddb5-4fa4-a97d-d965ccfc6d4b" outcome="Passed" testListId="8c84fa94-04c1-424b-9868-57a2d4851a1d" relativeResultsDirectory="8af81a96-4b5d-413c-98c7-c337aada75d9" />
  </Results>
  <TestDefinitions>
    <UnitTest name="EasySave.Backup.Tests.UnitTest1.Test1" storage="/app/tests/easysave.backup.tests/bin/debug/net8.0/easysave.backup.tests.dll" id="62934093-44ef-dfc6-c9c2-86d218f52f5f">
      <Execution id="8af81a96-4b5d-413c-98c7-c337aada75d9" />
      <TestMethod codeBase="/app/tests/EasySave.Backup.Tests/bin/Debug/net8.0/EasySave.Backup.Tests.dll" adapterTypeName="executor://xunit/VsTestRunner2/netcoreapp" className="EasySave.Backup.Tests.UnitTest1" name="Test1" />
    </UnitTest>
  </TestDefinitions>
  <TestEntries>
    <TestEntry testId="62934093-44ef-dfc6-c9c2-86d218f52f5f" executionId="8af81a96-4b5d-413c-98c7-c337aada75d9" testListId="8c84fa94-04c1-424b-9868-57a2d4851a1d" />
  </TestEntries>
  <TestLists>
    <TestList name="Results Not in a List" id="8c84fa94-04c1-424b-9868-57a2d4851a1d" />
    <TestList name="All Loaded Results" id="19431567-8539-422a-85d7-44ee4e166bda" />
  </TestLists>
  <ResultSummary outcome="Completed">
    <Counters total="1" executed="1" passed="1" failed="0" error="0" timeout="0" aborted="0" inconclusive="0" passedButRunAborted="0" notRunnable="0" notExecuted="0" disconnected="0" warning="0" completed="0" inProgress="0" pending="0" />
    <Output>
      <StdOut>[xUnit.net 00:00:00.00] xUnit.net VSTest Adapter v2.4.5+1caef2f33e (64-bit .NET 8.0.23)
[xUnit.net 00:00:00.64]   Discovering: EasySave.Backup.Tests
[xUnit.net 00:00:00.68]   Discovered:  EasySave.Backup.Tests
[xUnit.net 00:00:00.69]   Starting:    EasySave.Backup.Tests
[xUnit.net 00:00:00.78]   Finished:    EasySave.Backup.Tests
</StdOut>
    </Output>
  </ResultSummary>
</TestRun>