<?xml version="1.0" encoding="utf-8"?>
<TestRun id="e68cb209-ee5a-42db-825c-cfac041fa04d" name="@927050ec5b07 2026-01-29 07:43:02" xmlns="http://microsoft.com/schemas/VisualStudio/TeamTest/2010">
  <Times creation="2026-01-29T07:43:02.2052350+00:00" queuing="2026-01-29T07:43:02.2052351+00:00" start="2026-01-29T07:43:00.2019619+00:00" finish="2026-01-29T07:43:02.2203564+00:00" />
  <TestSettings name="default" id="3bbd83aa-4096-4ec9-ab42-5837d88fead2">
    <Deployment runDeploymentRoot="_927050ec5b07_2026-01-29_07_43_02" />
  </TestSettings>
  <Results>
    <UnitTestResult executionId="b56d9ef3-4428-4acd-9808-eb1fb439b264" testId="67c5fbf0-f086-9b83-752c-021d84adf3a4" testName="EasySave.Application.Tests.UnitTest1.Test1" computerName="927050ec5b07" duration="00:00:00.0023863" startTime="2026-01-29T07:43:01.9984255+00:00" endTime="2026-01-29T07:43:01.9984597+00:00" testType="13cdc9d9-ddb5-4fa4-a97d-d965ccfc6d4b" outcome="Passed" testListId="8c84fa94-04c1-424b-9868-57a2d4851a1d" relativeResultsDirectory="b56d9ef3-4428-4acd-9808-eb1fb439b264" />
  </Results>
  <TestDefinitions>
    <UnitTest name="EasySave.Application.Tests.UnitTest1.Test1" storage="/app/tests/easysave.application.tests/bin/debug/net8.0/easysave.application.tests.dll" id="67c5fbf0-f086-9b83-752c-021d84adf3a4">
      <Execution id="b56d9ef3-4428-4acd-9808-eb1fb439b264" />
      <TestMethod codeBase="/app/tests/EasySave.Application.Tests/bin/Debug/net8.0/EasySave.Application.Tests.dll" adapterTypeName="executor://xunit/VsTestRunner2/netcoreapp" className="EasySave.Application.Tests.UnitTest1" name="Test1" />
    </UnitTest>
  </TestDefinitions>
  <TestEntries>
    <TestEntry testId="67c5fbf0-f086-9b83-752c-021d84adf3a4" executionId="b56d9ef3-4428-4acd-9808-eb1fb439b264" testListId="8c84fa94-04c1-424b-9868-57a2d4851a1d" />
  </TestEntries>
  <TestLists>
    <TestList name="Results Not in a List" id="8c84fa94-04c1-424b-9868-57a2d4851a1d" />
    <TestList name="All Loaded Results" id="19431567-8539-422a-85d7-44ee4e166bda" />
  </TestLists>
  <ResultSummary outcome="Completed">
    <Counters total="1" executed="1" passed="1" failed="0" error="0" timeout="0" aborted="0" inconclusive="0" passedButRunAborted="0" notRunnable="0" notExecuted="0" disconnected="0" warning="0" completed="0" inProgress="0" pending="0" />
    <Output>
      <StdOut>[xUnit.net 00:00:00.00] xUnit.net VSTest Adapter v2.4.5+1caef2f33e (64-bit .NET 8.0.23)
[xUnit.net 00:00:00.64]   Discovering: EasySave.Application.Tests
[xUnit.net 00:00:00.68]   Discovered:  EasySave.Application.Tests
[xUnit.net 00:00:00.68]   Starting:    EasySave.Application.Tests
[xUnit.net 00:00:00.75]   Finished:    EasySave.Application.Tests
</StdOut>
    </Output>
  </ResultSummary>
</TestRun>