<?xml version="1.0" encoding="utf-8"?>
<TestRun id="2bbec289-9856-4415-9d37-686dcec79d04" name="@927050ec5b07 2026-01-29 07:43:02" xmlns="http://microsoft.com/schemas/VisualStudio/TeamTest/2010">
  <Times creation="2026-01-29T07:43:02.0901883+00:00" queuing="2026-01-29T07:43:02.0901884+00:00" start="2026-01-29T07:43:00.0883979+00:00" finish="2026-01-29T07:43:02.1009271+00:00" />
  <TestSettings name="default" id="b5236f72-ab11-4ef0-a887-1cedeaa6560e">
    <Deployment runDeploymentRoot="_927050ec5b07_2026-01-29_07_43_02" />
  </TestSettings>
  <Results>
    <UnitTestResult executionId="6f698680-13b1-4814-918b-2ea7f37bb49c" testId="5b53597c-e3b1-eeee-93df-161a773c11e0" testName="EasyLog.Tests.UnitTest1.Test1" computerName="927050ec5b07" duration="00:00:00.0030840" startTime="2026-01-29T07:43:01.9000467+00:00" endTime="2026-01-29T07:43:01.9000790+00:00" testType="13cdc9d9-ddb5-4fa4-a97d-d965ccfc6d4b" outcome="Passed" testListId="8c84fa94-04c1-424b-9868-57a2d4851a1d" relativeResultsDirectory="6f698680-13b1-4814-918b-2ea7f37bb49c" />
  </Results>
  <TestDefinitions>
    <UnitTest name="EasyLog.Tests.UnitTest1.Test1" storage="/app/tests/easylog.tests/bin/debug/net8.0/easylog.tests.dll" id="5b53597c-e3b1-eeee-93df-161a773c11e0">
      <Execution id="6f698680-13b1-4814-918b-2ea7f37bb49c" />
      <TestMethod codeBase="/app/tests/EasyLog.Tests/bin/Debug/net8.0/EasyLog.Tests.dll" adapterTypeName="executor://xunit/VsTestRunner2/netcoreapp" className="EasyLog.Tests.UnitTest1" name="Test1" />
    </UnitTest>
  </TestDefinitions>
  <TestEntries>
    <TestEntry testId="5b53597c-e3b1-eeee-93df-161a773c11e0" executionId="6f698680-13b1-4814-918b-2ea7f37bb49c" testListId="8c84fa94-04c1-424b-9868-57a2d4851a1d" />
  </TestEntries>
  <TestLists>
    <TestList name="Results Not in a List" id="8c84fa94-04c1-424b-9868-57a2d4851a1d" />
    <TestList name="All Loaded Results" id="19431567-8539-422a-85d7-44ee4e166bda" />
  </TestLists>
  <ResultSummary outcome="Completed">
    <Counters total="1" executed="1" passed="1" failed="0" error="0" timeout="0" aborted="0" inconclusive="0" passedButRunAborted="0" notRunnable="0" notExecuted="0" disconnected="0" warning="0" completed="0" inProgress="0" pending="0" />
    <Output>
      <StdOut>[xUnit.net 00:00:00.00] xUnit.net VSTest Adapter v2.4.5+1caef2f33e (64-bit .NET 8.0.23)
[xUnit.net 00:00:00.65]   Discovering: EasyLog.Tests
[xUnit.net 00:00:00.68]   Discovered:  EasyLog.Tests
[xUnit.net 00:00:00.69]   Starting:    EasyLog.Tests
[xUnit.net 00:00:00.77]   Finished:    EasyLog.Tests
</StdOut>
    </Output>
  </ResultSummary>
</TestRun>